<?xml version='1.0' encoding='UTF-8' ?>
<testsuite name="com.example.prueba.ExampleInstrumentedTest" tests="1" failures="0" errors="0" skipped="0" time="24.0" timestamp="2020-03-12T21:45:15" hostname="localhost">
  <properties>
    <property name="device" value="motorola one - 9" />
    <property name="flavor" value="" />
    <property name="project" value="app" />
  </properties>
  <testcase name="useAppContext" classname="com.example.prueba.ExampleInstrumentedTest" time="0.0" />
</testsuite>