<?xml version="1.0" encoding="UTF-8"?>
<testsuite name="com.example.prueba.ExampleUnitTest" tests="1" skipped="0" failures="0" errors="0" timestamp="2020-03-12T16:57:32" hostname="DESKTOP-A8329IU" time="0.016">
  <properties/>
  <testcase name="addition_isCorrect" classname="com.example.prueba.ExampleUnitTest" time="0.016"/>
  <system-out><![CDATA[]]></system-out>
  <system-err><![CDATA[]]></system-err>
</testsuite>
